<?xml version="1.0" encoding="UTF-8"?>
<!-- Generated by org.testng.reporters.JUnitReportReporter -->
<testsuite hostname="DESKTOP-DHVTUR0" failures="0" tests="2" name="test.day1" time="0.008" errors="0" timestamp="2024-02-15T11:03:53 IST" skipped="0">
  <testcase classname="test.day1" name="SecondTest" time="0.007"/>
  <system-out/>
  <testcase classname="test.day1" name="Test" time="0.001"/>
  <system-out/>
</testsuite> <!-- test.day1 -->
