<?xml version="1.0" encoding="UTF-8"?>
<!-- Generated by org.testng.reporters.JUnitReportReporter -->
<testsuite hostname="DESKTOP-DHVTUR0" failures="0" tests="1" name="test.day1" time="0.007" errors="0" timestamp="2024-02-15T10:29:35 IST" skipped="0">
  <testcase classname="test.day1" name="demo" time="0.007"/>
  <system-out/>
</testsuite> <!-- test.day1 -->
